<?xml version="1.0" encoding="UTF-8"?>
<!-- Generated by org.testng.reporters.JUnitXMLReporter -->
<testsuite hostname="LT01680" name="UI Tests" tests="4" failures="0" timestamp="24 Apr 2020 13:09:48 GMT" time="3.526" errors="0">
  <testcase name="CreateProtocol" time="2.29" classname="com.tmz.Framework.APIAutomation.APIMethods.Protocol"/>
  <testcase name="UpdateProtocol" time="0.202" classname="com.tmz.Framework.APIAutomation.APIMethods.Protocol"/>
  <testcase name="GetProtocol" time="0.083" classname="com.tmz.Framework.APIAutomation.APIMethods.Protocol"/>
  <testcase name="DeleteProtocol" time="0.114" classname="com.tmz.Framework.APIAutomation.APIMethods.Protocol"/>
</testsuite> <!-- UI Tests -->
