<?xml version="1.0" encoding="UTF-8"?>
<!-- Generated by org.testng.reporters.JUnitXMLReporter -->
<testsuite hostname="LT01680" ignored="2" name="UI Tests" tests="2" failures="0" timestamp="2020-04-24T18:42:21 IST" time="9.868" errors="0">
  <testcase name="TestLogin" time="2.206" classname="com.tmz.Framework.UIAutomation.Tests.Login"/>
  <testcase name="AddAcountTest" time="3.926" classname="com.tmz.Framework.UIAutomation.Tests.AddAccount"/>
  <testcase name="@BeforeSuite initialize" time="0.0" classname="com.tmz.Framework.UIAutomation.Tests.BaseClass">
    <ignored/>
  </testcase> <!-- @BeforeSuite initialize -->
  <testcase name="@AfterSuite aftersuite" time="0.0" classname="com.tmz.Framework.UIAutomation.Tests.BaseClass">
    <ignored/>
  </testcase> <!-- @AfterSuite aftersuite -->
</testsuite> <!-- UI Tests -->
